[0m18:18:19.379509 [debug] [MainThread]: Sending event: {'category': 'dbt', 'action': 'invocation', 'label': 'start', 'context': [<snowplow_tracker.self_describing_json.SelfDescribingJson object at 0x10df70bd0>, <snowplow_tracker.self_describing_json.SelfDescribingJson object at 0x10df01410>, <snowplow_tracker.self_describing_json.SelfDescribingJson object at 0x10d21d750>]}


============================== 18:18:19.383023 | 126dcaee-8608-4839-8654-a3e14c887cc1 ==============================
[0m18:18:19.383023 [info ] [MainThread]: Running with dbt=1.11.2
[0m18:18:19.383476 [debug] [MainThread]: running dbt with arguments {'write_json': 'True', 'invocation_command': 'dbt run', 'log_cache_events': 'False', 'profiles_dir': '/Users/nedazarei/.dbt', 'warn_error': 'None', 'version_check': 'True', 'no_print': 'None', 'use_colors': 'True', 'partial_parse': 'True', 'send_anonymous_usage_stats': 'True', 'log_path': 'logs', 'empty': 'False', 'quiet': 'False', 'debug': 'False', 'log_format': 'default', 'static_parser': 'True', 'indirect_selection': 'eager', 'cache_selected_only': 'False', 'printer_width': '80', 'use_experimental_parser': 'False', 'fail_fast': 'False', 'warn_error_options': 'WarnErrorOptionsV2(error=[], warn=[], silence=[])', 'target_path': 'None', 'introspect': 'True'}
[0m18:18:19.383941 [error] [MainThread]: Encountered an error:
Runtime Error
  No dbt_project.yml found at expected path /Users/nedazarei/Documents/turintech/sample-dbt/dbt_project.yml
  Verify that each entry within packages.yml (and their transitive dependencies) contains a file named dbt_project.yml
  
[0m18:18:19.386099 [debug] [MainThread]: Resource report: {"command_name": "run", "command_success": false, "command_wall_clock_time": 0.05976979, "process_in_blocks": "0", "process_kernel_time": 0.192519, "process_mem_max_rss": "111591424", "process_out_blocks": "0", "process_user_time": 0.949393}
[0m18:18:19.386549 [debug] [MainThread]: Command `dbt run` failed at 18:18:19.386456 after 0.06 seconds
[0m18:18:19.386886 [debug] [MainThread]: Sending event: {'category': 'dbt', 'action': 'invocation', 'label': 'end', 'context': [<snowplow_tracker.self_describing_json.SelfDescribingJson object at 0x10df99ed0>, <snowplow_tracker.self_describing_json.SelfDescribingJson object at 0x10df67bd0>, <snowplow_tracker.self_describing_json.SelfDescribingJson object at 0x10df65d90>]}
[0m18:18:19.387193 [debug] [MainThread]: Flushing usage events
[0m18:18:20.527984 [debug] [MainThread]: An error was encountered while trying to flush usage events
[0m18:18:52.689852 [debug] [MainThread]: Sending event: {'category': 'dbt', 'action': 'invocation', 'label': 'start', 'context': [<snowplow_tracker.self_describing_json.SelfDescribingJson object at 0x10bab41f0>, <snowplow_tracker.self_describing_json.SelfDescribingJson object at 0x10cabdd90>, <snowplow_tracker.self_describing_json.SelfDescribingJson object at 0x10cabd190>]}


============================== 18:18:52.693845 | 8c644648-1985-4f45-a9f2-4faf54bc1c0c ==============================
[0m18:18:52.693845 [info ] [MainThread]: Running with dbt=1.11.0-b3
[0m18:18:52.694379 [debug] [MainThread]: running dbt with arguments {'log_format': 'default', 'partial_parse': 'True', 'version_check': 'True', 'log_cache_events': 'False', 'cache_selected_only': 'False', 'target_path': 'None', 'warn_error_options': 'WarnErrorOptionsV2(error=[], warn=[], silence=[])', 'printer_width': '80', 'introspect': 'True', 'send_anonymous_usage_stats': 'True', 'write_json': 'True', 'no_print': 'None', 'indirect_selection': 'eager', 'empty': 'False', 'use_experimental_parser': 'False', 'log_path': 'logs', 'use_colors': 'True', 'profiles_dir': '/Users/nedazarei/.dbt', 'invocation_command': 'dbt run', 'warn_error': 'None', 'fail_fast': 'False', 'quiet': 'False', 'debug': 'False', 'static_parser': 'True'}
[0m18:18:52.694952 [error] [MainThread]: Encountered an error:
Runtime Error
  No dbt_project.yml found at expected path /Users/nedazarei/Documents/turintech/sample-dbt/dbt_project.yml
  Verify that each entry within packages.yml (and their transitive dependencies) contains a file named dbt_project.yml
  
[0m18:18:52.697829 [debug] [MainThread]: Resource report: {"command_name": "run", "command_success": false, "command_wall_clock_time": 0.08795466, "process_in_blocks": "0", "process_kernel_time": 0.226089, "process_mem_max_rss": "101220352", "process_out_blocks": "0", "process_user_time": 1.269012}
[0m18:18:52.698271 [debug] [MainThread]: Command `dbt run` failed at 18:18:52.698177 after 0.09 seconds
[0m18:18:52.698593 [debug] [MainThread]: Sending event: {'category': 'dbt', 'action': 'invocation', 'label': 'end', 'context': [<snowplow_tracker.self_describing_json.SelfDescribingJson object at 0x10bab41f0>, <snowplow_tracker.self_describing_json.SelfDescribingJson object at 0x10cabd1c0>, <snowplow_tracker.self_describing_json.SelfDescribingJson object at 0x10cabdd90>]}
[0m18:18:52.698919 [debug] [MainThread]: Flushing usage events
[0m18:18:53.705873 [debug] [MainThread]: An error was encountered while trying to flush usage events
